<?xml version="1.0" encoding="UTF-8"?>
<testng-results ignored="0" total="1" passed="1" failed="0" skipped="0">
  <reporter-output>
  </reporter-output>
  <suite started-at="2024-05-22T19:10:05 IST" name="Suite" finished-at="2024-05-22T19:10:14 IST" duration-ms="9485">
    <groups>
      <group name="regression">
        <method signature="TC_001_AccountRegistrationPage.verify_AccountRegistrationPage()[pri:0, instance:testCases.TC_001_AccountRegistrationPage@4d154ccd]" name="verify_AccountRegistrationPage" class="testCases.TC_001_AccountRegistrationPage"/>
      </group> <!-- regression -->
      <group name="master">
        <method signature="TC_001_AccountRegistrationPage.verify_AccountRegistrationPage()[pri:0, instance:testCases.TC_001_AccountRegistrationPage@4d154ccd]" name="verify_AccountRegistrationPage" class="testCases.TC_001_AccountRegistrationPage"/>
      </group> <!-- master -->
    </groups>
    <test started-at="2024-05-22T19:10:05 IST" name="Test" finished-at="2024-05-22T19:10:14 IST" duration-ms="9485">
      <class name="testCases.TC_001_AccountRegistrationPage">
        <test-method is-config="true" signature="setup()[pri:0, instance:testCases.TC_001_AccountRegistrationPage@4d154ccd]" started-at="2024-05-22T19:10:05 IST" name="setup" finished-at="2024-05-22T19:10:10 IST" duration-ms="5436" status="PASS">
          <reporter-output>
          </reporter-output>
        </test-method> <!-- setup -->
        <test-method signature="verify_AccountRegistrationPage()[pri:0, instance:testCases.TC_001_AccountRegistrationPage@4d154ccd]" started-at="2024-05-22T19:10:10 IST" name="verify_AccountRegistrationPage" finished-at="2024-05-22T19:10:14 IST" duration-ms="3614" status="PASS">
          <reporter-output>
          </reporter-output>
        </test-method> <!-- verify_AccountRegistrationPage -->
        <test-method is-config="true" signature="teardown()[pri:0, instance:testCases.TC_001_AccountRegistrationPage@4d154ccd]" started-at="2024-05-22T19:10:14 IST" name="teardown" finished-at="2024-05-22T19:10:14 IST" duration-ms="326" status="PASS">
          <reporter-output>
          </reporter-output>
        </test-method> <!-- teardown -->
      </class> <!-- testCases.TC_001_AccountRegistrationPage -->
    </test> <!-- Test -->
  </suite> <!-- Suite -->
</testng-results>
